{
  "stats": {
    "suites": 1,
    "tests": 1,
    "passes": 1,
    "pending": 0,
    "failures": 0,
    "start": "2025-09-01T13:12:33.872Z",
    "end": "2025-09-01T13:12:43.299Z",
    "duration": 9427,
    "testsRegistered": 1,
    "passPercent": 100,
    "pendingPercent": 0,
    "other": 0,
    "hasOther": false,
    "skipped": 0,
    "hasSkipped": false
  },
  "results": [
    {
      "uuid": "7e773356-9df9-4926-b93a-127e4b7a76f1",
      "title": "",
      "fullFile": "cypress\\e2e\\Login-errado.cy.js",
      "file": "cypress\\e2e\\Login-errado.cy.js",
      "beforeHooks": [],
      "afterHooks": [],
      "tests": [],
      "suites": [
        {
          "uuid": "0dc32448-c0aa-4e93-b222-df4ff493262b",
          "title": "Página de login",
          "fullFile": "",
          "file": "",
          "beforeHooks": [],
          "afterHooks": [],
          "tests": [
            {
              "title": "Deve preencher os campos do login incorretamente e exibir mensagens de erro ao usuário na página",
              "fullTitle": "Página de login Deve preencher os campos do login incorretamente e exibir mensagens de erro ao usuário na página",
              "timedOut": null,
              "duration": 4511,
              "state": "passed",
              "speed": "fast",
              "pass": true,
              "fail": false,
              "pending": false,
              "context": null,
              "code": "cy.get('[data-test=\"input-loginEmail\"]').type('marjorie3');\ncy.get('[data-test=\"input-loginPassword\"]').type('123');\ncy.get('[data-test=\"submit-button\"]').click();\ncy.contains('Por favor, verifique o email digitado').should('be.visible');\ncy.contains('A senha deve conter pelo menos uma letra maiúscula, um número e ter entre 6 e 15 caracteres').should('be.visible');",
              "err": {},
              "uuid": "79746c38-2f5a-4a13-b704-61cf78b4b4ad",
              "parentUUID": "0dc32448-c0aa-4e93-b222-df4ff493262b",
              "isHook": false,
              "skipped": false
            }
          ],
          "suites": [],
          "passes": [
            "79746c38-2f5a-4a13-b704-61cf78b4b4ad"
          ],
          "failures": [],
          "pending": [],
          "skipped": [],
          "duration": 4511,
          "root": false,
          "rootEmpty": false,
          "_timeout": 2000
        }
      ],
      "passes": [],
      "failures": [],
      "pending": [],
      "skipped": [],
      "duration": 0,
      "root": true,
      "rootEmpty": true,
      "_timeout": 2000
    }
  ],
  "meta": {
    "mocha": {
      "version": "7.0.1"
    },
    "mochawesome": {
      "options": {
        "quiet": false,
        "reportFilename": "mochawesome",
        "saveHtml": false,
        "saveJson": true,
        "consoleReporter": "spec",
        "useInlineDiffs": false,
        "code": true
      },
      "version": "7.1.3"
    },
    "marge": {
      "options": {
        "reportDir": "cypress/results",
        "overwrite": false,
        "html": false,
        "json": true,
        "timestamp": "mmddyyyy_HHMMss"
      },
      "version": "6.2.0"
    }
  }
}