{
  "stats": {
    "suites": 1,
    "tests": 1,
    "passes": 1,
    "pending": 0,
    "failures": 0,
    "start": "2025-09-01T13:12:18.456Z",
    "end": "2025-09-01T13:12:26.187Z",
    "duration": 7731,
    "testsRegistered": 1,
    "passPercent": 100,
    "pendingPercent": 0,
    "other": 0,
    "hasOther": false,
    "skipped": 0,
    "hasSkipped": false
  },
  "results": [
    {
      "uuid": "9e29087b-694a-4146-8c31-8a7e795ee5ed",
      "title": "",
      "fullFile": "cypress\\e2e\\Login-correto.cy.js",
      "file": "cypress\\e2e\\Login-correto.cy.js",
      "beforeHooks": [],
      "afterHooks": [],
      "tests": [],
      "suites": [
        {
          "uuid": "e3c95a6b-479f-480f-8bac-df0b0090968f",
          "title": "Página de login",
          "fullFile": "",
          "file": "",
          "beforeHooks": [],
          "afterHooks": [],
          "tests": [
            {
              "title": "Deve preencher os campos do formulário corretamente para logar um usuário existente",
              "fullTitle": "Página de login Deve preencher os campos do formulário corretamente para logar um usuário existente",
              "timedOut": null,
              "duration": 3070,
              "state": "passed",
              "speed": "fast",
              "pass": true,
              "fail": false,
              "pending": false,
              "context": null,
              "code": "cy.login('ana@email.com', 'Senha123');",
              "err": {},
              "uuid": "3e5a49a4-6468-4cb5-88da-076400f80726",
              "parentUUID": "e3c95a6b-479f-480f-8bac-df0b0090968f",
              "isHook": false,
              "skipped": false
            }
          ],
          "suites": [],
          "passes": [
            "3e5a49a4-6468-4cb5-88da-076400f80726"
          ],
          "failures": [],
          "pending": [],
          "skipped": [],
          "duration": 3070,
          "root": false,
          "rootEmpty": false,
          "_timeout": 2000
        }
      ],
      "passes": [],
      "failures": [],
      "pending": [],
      "skipped": [],
      "duration": 0,
      "root": true,
      "rootEmpty": true,
      "_timeout": 2000
    }
  ],
  "meta": {
    "mocha": {
      "version": "7.0.1"
    },
    "mochawesome": {
      "options": {
        "quiet": false,
        "reportFilename": "mochawesome",
        "saveHtml": false,
        "saveJson": true,
        "consoleReporter": "spec",
        "useInlineDiffs": false,
        "code": true
      },
      "version": "7.1.3"
    },
    "marge": {
      "options": {
        "reportDir": "cypress/results",
        "overwrite": false,
        "html": false,
        "json": true,
        "timestamp": "mmddyyyy_HHMMss"
      },
      "version": "6.2.0"
    }
  }
}