{
  "stats": {
    "suites": 1,
    "tests": 1,
    "passes": 1,
    "pending": 0,
    "failures": 0,
    "start": "2025-08-29T13:37:28.196Z",
    "end": "2025-08-29T13:37:43.318Z",
    "duration": 15122,
    "testsRegistered": 1,
    "passPercent": 100,
    "pendingPercent": 0,
    "other": 0,
    "hasOther": false,
    "skipped": 0,
    "hasSkipped": false
  },
  "results": [
    {
      "uuid": "8b2b7c57-c1f7-4e8e-9c49-fd826281f6ca",
      "title": "",
      "fullFile": "cypress\\e2e\\Login-correto.cy.js",
      "file": "cypress\\e2e\\Login-correto.cy.js",
      "beforeHooks": [],
      "afterHooks": [],
      "tests": [],
      "suites": [
        {
          "uuid": "b47f2475-7ec2-4eef-b163-eaf2127f8046",
          "title": "Página de login",
          "fullFile": "",
          "file": "",
          "beforeHooks": [],
          "afterHooks": [],
          "tests": [
            {
              "title": "Deve preencher os campos do formulário corretamente para logar um usuário existente",
              "fullTitle": "Página de login Deve preencher os campos do formulário corretamente para logar um usuário existente",
              "timedOut": null,
              "duration": 10349,
              "state": "passed",
              "speed": "slow",
              "pass": true,
              "fail": false,
              "pending": false,
              "context": null,
              "code": "cy.get('[data-test=\"input-loginEmail\"]').type('ana@email.com');\ncy.get('[data-test=\"input-loginPassword\"]').type('Senha123');\ncy.get('[data-test=\"submit-button\"]').click();",
              "err": {},
              "uuid": "d631db3f-001e-4df7-96a9-7db5218f8a0e",
              "parentUUID": "b47f2475-7ec2-4eef-b163-eaf2127f8046",
              "isHook": false,
              "skipped": false
            }
          ],
          "suites": [],
          "passes": [
            "d631db3f-001e-4df7-96a9-7db5218f8a0e"
          ],
          "failures": [],
          "pending": [],
          "skipped": [],
          "duration": 10349,
          "root": false,
          "rootEmpty": false,
          "_timeout": 2000
        }
      ],
      "passes": [],
      "failures": [],
      "pending": [],
      "skipped": [],
      "duration": 0,
      "root": true,
      "rootEmpty": true,
      "_timeout": 2000
    }
  ],
  "meta": {
    "mocha": {
      "version": "7.0.1"
    },
    "mochawesome": {
      "options": {
        "quiet": false,
        "reportFilename": "mochawesome",
        "saveHtml": false,
        "saveJson": true,
        "consoleReporter": "spec",
        "useInlineDiffs": false,
        "code": true
      },
      "version": "7.1.3"
    },
    "marge": {
      "options": {
        "reportDir": "cypress/results",
        "overwrite": false,
        "html": false,
        "json": true,
        "timestamp": "mmddyyyy_HHMMss"
      },
      "version": "6.2.0"
    }
  }
}