{
  "stats": {
    "suites": 1,
    "tests": 2,
    "passes": 2,
    "pending": 0,
    "failures": 0,
    "start": "2025-09-01T13:12:52.119Z",
    "end": "2025-09-01T13:13:00.856Z",
    "duration": 8737,
    "testsRegistered": 2,
    "passPercent": 100,
    "pendingPercent": 0,
    "other": 0,
    "hasOther": false,
    "skipped": 0,
    "hasSkipped": false
  },
  "results": [
    {
      "uuid": "47a29f08-8a5c-400c-860a-ba305afd3d93",
      "title": "",
      "fullFile": "cypress\\e2e\\Login-incorreto.cy.js",
      "file": "cypress\\e2e\\Login-incorreto.cy.js",
      "beforeHooks": [],
      "afterHooks": [],
      "tests": [],
      "suites": [
        {
          "uuid": "eb47cd71-b071-41f9-a0d2-80b76129bb3e",
          "title": "Página de login",
          "fullFile": "",
          "file": "",
          "beforeHooks": [],
          "afterHooks": [],
          "tests": [
            {
              "title": "Deve preencher os campos do formulário incorretamente e exibir mensagens ao usuário",
              "fullTitle": "Página de login Deve preencher os campos do formulário incorretamente e exibir mensagens ao usuário",
              "timedOut": null,
              "duration": 2008,
              "state": "passed",
              "speed": "fast",
              "pass": true,
              "fail": false,
              "pending": false,
              "context": null,
              "code": "cy.get('[data-test=\"submit-button\"]').click();\ncy.contains('É necessário informar um endereço de email').should('be.visible');\ncy.contains('Insira sua senha').should('be.visible');",
              "err": {},
              "uuid": "cf4223b4-fe0b-4e2c-8b3f-bcf911eafece",
              "parentUUID": "eb47cd71-b071-41f9-a0d2-80b76129bb3e",
              "isHook": false,
              "skipped": false
            },
            {
              "title": "Deve falahar mesmo que os campos sejam preenchidos corretamente ",
              "fullTitle": "Página de login Deve falahar mesmo que os campos sejam preenchidos corretamente ",
              "timedOut": null,
              "duration": 2680,
              "state": "passed",
              "speed": "fast",
              "pass": true,
              "fail": false,
              "pending": false,
              "context": null,
              "code": "cy.login('ana@email.com', 'Senha123');\ncy.contains('Falha no login. Consulte suas credenciais.').should('be.visible');",
              "err": {},
              "uuid": "20473161-290f-4c27-8b8d-2ac6bbb249fc",
              "parentUUID": "eb47cd71-b071-41f9-a0d2-80b76129bb3e",
              "isHook": false,
              "skipped": false
            }
          ],
          "suites": [],
          "passes": [
            "cf4223b4-fe0b-4e2c-8b3f-bcf911eafece",
            "20473161-290f-4c27-8b8d-2ac6bbb249fc"
          ],
          "failures": [],
          "pending": [],
          "skipped": [],
          "duration": 4688,
          "root": false,
          "rootEmpty": false,
          "_timeout": 2000
        }
      ],
      "passes": [],
      "failures": [],
      "pending": [],
      "skipped": [],
      "duration": 0,
      "root": true,
      "rootEmpty": true,
      "_timeout": 2000
    }
  ],
  "meta": {
    "mocha": {
      "version": "7.0.1"
    },
    "mochawesome": {
      "options": {
        "quiet": false,
        "reportFilename": "mochawesome",
        "saveHtml": false,
        "saveJson": true,
        "consoleReporter": "spec",
        "useInlineDiffs": false,
        "code": true
      },
      "version": "7.1.3"
    },
    "marge": {
      "options": {
        "reportDir": "cypress/results",
        "overwrite": false,
        "html": false,
        "json": true,
        "timestamp": "mmddyyyy_HHMMss"
      },
      "version": "6.2.0"
    }
  }
}